0 info it worked if it ends with ok
1 verbose cli [ '/usr/local/Cellar/node/6.1.0/bin/node',
1 verbose cli   '/usr/local/bin/npm',
1 verbose cli   'uninstall',
1 verbose cli   'babel',
1 verbose cli   '-g' ]
2 info using npm@3.8.6
3 info using node@v6.1.0
4 silly loadCurrentTree Starting
5 silly install loadCurrentTree
6 silly install readGlobalPackageData
7 silly install normalizeTree
8 silly loadCurrentTree Finishing
9 silly loadIdealTree Starting
10 silly install loadIdealTree
11 silly cloneCurrentTree Starting
12 silly install cloneCurrentTreeToIdealTree
13 silly cloneCurrentTree Finishing
14 silly loadShrinkwrap Starting
15 silly install loadShrinkwrap
16 silly loadShrinkwrap Finishing
17 silly loadAllDepsIntoIdealTree Starting
18 silly uninstall loadAllDepsIntoIdealtree
19 silly loadAllDepsIntoIdealTree Finishing
20 silly idealTree:prePrune lib
21 silly loadIdealTree Finishing
22 silly currentTree lib
23 silly idealTree lib
24 silly generateActionsToTake Starting
25 silly install generateActionsToTake
26 silly generateActionsToTake Finishing
27 silly diffTrees action count 0
28 silly decomposeActions action count 0
29 silly executeActions Starting
30 silly install executeActions
31 silly doSerial global-install 0
32 silly doParallel fetch 0
33 verbose correctMkdir /Users/liuyanhao/.npm/_locks correctMkdir not in flight; initializing
34 verbose lock using /Users/liuyanhao/.npm/_locks/staging-3a08f0df5026584d.lock for /usr/local/lib/node_modules/.staging
35 verbose unlock done using /Users/liuyanhao/.npm/_locks/staging-3a08f0df5026584d.lock for /usr/local/lib/node_modules/.staging
36 silly rollbackFailedOptional Starting
37 silly rollbackFailedOptional Finishing
38 silly runTopLevelLifecycles Starting
39 silly runTopLevelLifecycles Finishing
40 silly install printInstalled
41 verbose stack Error: EACCES: permission denied, mkdir '/usr/local/lib/node_modules/.staging'
41 verbose stack     at Error (native)
42 verbose cwd /Users/liuyanhao/code_rep/my_program/my-front-end
43 error Darwin 15.6.0
44 error argv "/usr/local/Cellar/node/6.1.0/bin/node" "/usr/local/bin/npm" "uninstall" "babel" "-g"
45 error node v6.1.0
46 error npm  v3.8.6
47 error path /usr/local/lib/node_modules/.staging
48 error code EACCES
49 error errno -13
50 error syscall mkdir
51 error Error: EACCES: permission denied, mkdir '/usr/local/lib/node_modules/.staging'
51 error     at Error (native)
51 error  { Error: EACCES: permission denied, mkdir '/usr/local/lib/node_modules/.staging'
51 error     at Error (native)
51 error   errno: -13,
51 error   code: 'EACCES',
51 error   syscall: 'mkdir',
51 error   path: '/usr/local/lib/node_modules/.staging' }
52 error Please try running this command again as root/Administrator.
53 verbose exit [ -13, true ]
